[4/1/2022[12:8:59]] [Fri Apr 01 2022 11:07:58] - Shard #0 Reconnecting...
[4/1/2022[12:8:59]] [Fri Apr 01 2022 11:07:58] - Shard #0 Errored.
[4/1/2022[12:8:59]] [Fri Apr 01 2022 11:07:58] - Shard #0 Reconnecting...
[4/1/2022[12:9:4]] [Fri Apr 01 2022 11:08:03] - Shard #0 Errored.
[4/1/2022[12:9:4]] [Fri Apr 01 2022 11:08:03] - Shard #0 Reconnecting...
[4/1/2022[14:28:33]] [Fri Apr 01 2022 13:27:32] - Shard #0 Reconnecting...
[4/1/2022[14:28:33]] [Fri Apr 01 2022 13:27:32] - Shard #0 Reconnecting...
[4/6/2022[14:19:48]] issues::[object Object]
format::() => {
            const fieldErrors = { _errors: [] };
            const processError = (error) => {
                for (const issue of error.issues) {
                    if (issue.code === "invalid_union") {
                        issue.unionErrors.map(processError);
                    }
                    else if (issue.code === "invalid_return_type") {
                        processError(issue.returnTypeError);
                    }
                    else if (issue.code === "invalid_arguments") {
                        processError(issue.argumentsError);
                    }
                    else if (issue.path.length === 0) {
                        fieldErrors._errors.push(issue.message);
                    }
                    else {
                        let curr = fieldErrors;
                        let i = 0;
                        while (i < issue.path.length) {
                            const el = issue.path[i];
                            const terminal = i === issue.path.length - 1;
                            if (!terminal) {
                                if (typeof el === "string") {
                                    curr[el] = curr[el] || { _errors: [] };
                                }
                                else if (typeof el === "number") {
                                    const errorArray = [];
                                    errorArray._errors = [];
                                    curr[el] = curr[el] || errorArray;
                                }
                            }
                            else {
                                curr[el] = curr[el] || { _errors: [] };
                                curr[el]._errors.push(issue.message);
                            }
                            curr = curr[el];
                            i++;
                        }
                    }
                }
            };
            processError(this);
            return fieldErrors;
        }
addIssue::(sub) => {
            this.issues = [...this.issues, sub];
        }
addIssues::(subs = []) => {
            this.issues = [...this.issues, ...subs];
        }
name::ZodError

[4/6/2022[14:19:60]] issues::[object Object]
format::() => {
            const fieldErrors = { _errors: [] };
            const processError = (error) => {
                for (const issue of error.issues) {
                    if (issue.code === "invalid_union") {
                        issue.unionErrors.map(processError);
                    }
                    else if (issue.code === "invalid_return_type") {
                        processError(issue.returnTypeError);
                    }
                    else if (issue.code === "invalid_arguments") {
                        processError(issue.argumentsError);
                    }
                    else if (issue.path.length === 0) {
                        fieldErrors._errors.push(issue.message);
                    }
                    else {
                        let curr = fieldErrors;
                        let i = 0;
                        while (i < issue.path.length) {
                            const el = issue.path[i];
                            const terminal = i === issue.path.length - 1;
                            if (!terminal) {
                                if (typeof el === "string") {
                                    curr[el] = curr[el] || { _errors: [] };
                                }
                                else if (typeof el === "number") {
                                    const errorArray = [];
                                    errorArray._errors = [];
                                    curr[el] = curr[el] || errorArray;
                                }
                            }
                            else {
                                curr[el] = curr[el] || { _errors: [] };
                                curr[el]._errors.push(issue.message);
                            }
                            curr = curr[el];
                            i++;
                        }
                    }
                }
            };
            processError(this);
            return fieldErrors;
        }
addIssue::(sub) => {
            this.issues = [...this.issues, sub];
        }
addIssues::(subs = []) => {
            this.issues = [...this.issues, ...subs];
        }
name::ZodError

[5/6/2022[24:3:36]] Could not get message.
[5/23/2022[13:54:4]] [Mon May 23 2022 12:53:03] - Shard #0 Reconnecting...
[5/23/2022[13:58:47]] [Mon May 23 2022 12:57:46] - Shard #0 Reconnecting...
[6/9/2022[9:39:54]] DiscordAPIError[40032]: Target user is not connected to voice.
[6/11/2022[10:30:4]] ReferenceError: guildId is not defined

uncaughtException
[6/11/2022[10:30:4]] ReferenceError: guildId is not defined

uncaughtException
[6/11/2022[10:30:19]] DiscordAPIError[0]: 405: Method Not Allowed

uncaughtException
[6/11/2022[10:30:19]] DiscordAPIError[0]: 405: Method Not Allowed

uncaughtException
[6/11/2022[10:37:10]] TypeError: client.guilds.cache.get(...)?.commands.permissions.update is not a function

uncaughtException
[6/11/2022[10:37:10]] TypeError: client.guilds.cache.get(...)?.commands.permissions.update is not a function

uncaughtException
[6/11/2022[10:39:3]] TypeError: client.guilds.cache.get(...)?.commands.permissions.update is not a function

uncaughtException
[6/11/2022[10:39:3]] TypeError: client.guilds.cache.get(...)?.commands.permissions.update is not a function

uncaughtException
[6/11/2022[10:39:19]] DiscordAPIError[0]: 405: Method Not Allowed

uncaughtException
[6/11/2022[10:39:19]] DiscordAPIError[0]: 405: Method Not Allowed

uncaughtException
[6/23/2022[11:28:22]] SyntaxError: await is only valid in async functions and the top level bodies of modules

uncaughtException
[6/23/2022[11:28:22]] SyntaxError: await is only valid in async functions and the top level bodies of modules

uncaughtException
[6/23/2022[11:28:31]] SyntaxError: await is only valid in async functions and the top level bodies of modules

uncaughtException
[6/23/2022[11:28:31]] SyntaxError: await is only valid in async functions and the top level bodies of modules

uncaughtException
[6/23/2022[11:29:23]] Error: ER_PARSE_ERROR: You have an error in your SQL syntax; check the manual that corresponds to your MariaDB server version for the right syntax to use near '[object Promise]1)' at line 1

uncaughtException
[6/23/2022[11:29:23]] Error: ER_PARSE_ERROR: You have an error in your SQL syntax; check the manual that corresponds to your MariaDB server version for the right syntax to use near '[object Promise]1)' at line 1

uncaughtException
